<?xml version="1.0" encoding="UTF-8"?>
<!-- Generated by org.testng.reporters.JUnitReportReporter -->
<testsuite hostname="DESKTOP-BR6NN8U" failures="0" tests="11" name="com.mindtree.runner.bigsmallSite" time="103.219" errors="0" timestamp="2021-11-24T09:48:07 IST" skipped="0">
  <testcase classname="com.mindtree.runner.bigsmallSite" name="TestCase1" time="10.619"/>
  <testcase classname="com.mindtree.runner.bigsmallSite" name="TestCase2" time="7.471"/>
  <testcase classname="com.mindtree.runner.bigsmallSite" name="TestCase2" time="7.876"/>
  <testcase classname="com.mindtree.runner.bigsmallSite" name="TestCase2" time="7.434"/>
  <testcase classname="com.mindtree.runner.bigsmallSite" name="TestCase3" time="4.777"/>
  <testcase classname="com.mindtree.runner.bigsmallSite" name="TestCase4" time="2.088"/>
  <testcase classname="com.mindtree.runner.bigsmallSite" name="TestCase5" time="8.102"/>
  <testcase classname="com.mindtree.runner.bigsmallSite" name="TestCase6" time="8.885"/>
  <testcase classname="com.mindtree.runner.bigsmallSite" name="TestCase7" time="16.954"/>
  <testcase classname="com.mindtree.runner.bigsmallSite" name="TestCase8" time="11.236"/>
  <testcase classname="com.mindtree.runner.bigsmallSite" name="TestCase9" time="17.777"/>
</testsuite> <!-- com.mindtree.runner.bigsmallSite -->
